<?xml version="1.0" encoding="UTF-8"?>
<!-- Generated by org.testng.reporters.JUnitXMLReporter -->
<testsuite hostname="HPDA0017" name="Scenario 1 Student Payment With Payment Center Portal" tests="28" failures="8" timestamp="18 Sep 2018 09:13:39 GMT" time="920.663" errors="0">
  <testcase name="Step02_Get_Student_Information_From_Database_C2000" time="3.281" classname="com.qait.PaymentCenter.test.Student_Payment_With_Payment_Center_Portal"/>
  <testcase name="Step03_Login_To_KU_Portal_Admin_Url_And_Change_Password_For_Student" time="34.19" classname="com.qait.PaymentCenter.test.Student_Payment_With_Payment_Center_Portal"/>
  <testcase name="Step04_Login_To_Payment_Center_And_Make_Payment" time="107.445" classname="com.qait.PaymentCenter.test.Student_Payment_With_Payment_Center_Portal"/>
  <testcase name="Step05_verify_Payment_In_Payment_Center_DB" time="6.332" classname="com.qait.PaymentCenter.test.Student_Payment_With_Payment_Center_Portal"/>
  <testcase name="Step06_Verify_Payment_In_KUPortal" time="49.212" classname="com.qait.PaymentCenter.test.Student_Payment_With_Payment_Center_Portal">
    <failure type="java.lang.AssertionError" message="Assertion failed: payment amount not matched expected [$1.56] but found [$1.48]">
      <![CDATA[java.lang.AssertionError: Assertion failed: payment amount not matched expected [$1.56] but found [$1.48]
	at com.qait.KUPortal.keyword.kupAccountHistoryPageActions.verifyPaymentDetailst(kupAccountHistoryPageActions.java:105)
	at com.qait.PaymentCenter.test.Student_Payment_With_Payment_Center_Portal.Step06_Verify_Payment_In_KUPortal(Student_Payment_With_Payment_Center_Portal.java:152)
... Removed 28 stack frames]]>
    </failure>
  </testcase> <!-- Step06_Verify_Payment_In_KUPortal -->
  <testcase name="Step07_Verify_Email" time="3.352" classname="com.qait.PaymentCenter.test.Student_Payment_With_Payment_Center_Portal">
    <failure type="java.lang.AssertionError" message="expected [9/18/2018 5:00:00 AM Eastern Standard Time] but found [9/18/2018 5:00:10 AM Eastern Standard Time]">
      <![CDATA[java.lang.AssertionError: expected [9/18/2018 5:00:00 AM Eastern Standard Time] but found [9/18/2018 5:00:10 AM Eastern Standard Time]
	at com.qait.PaymentCenter.keyword.MakeAPaymentPageActions.verifyEmailDetails(MakeAPaymentPageActions.java:153)
	at com.qait.PaymentCenter.test.Student_Payment_With_Payment_Center_Portal.Step07_Verify_Email(Student_Payment_With_Payment_Center_Portal.java:160)
... Removed 29 stack frames]]>
    </failure>
  </testcase> <!-- Step07_Verify_Email -->
  <testcase name="Step08_Verify_Payment_Transaction_In_CVue_Database" time="3.04" classname="com.qait.PaymentCenter.test.Student_Payment_With_Payment_Center_Portal"/>
  <testcase name="Step02_Get_Student_Information_From_Database_C2000" time="2.944" classname="com.qait.PaymentCenter.test.Student_Payment_With_Payment_Center_Portal"/>
  <testcase name="Step03_Login_To_KU_Portal_Admin_Url_And_Change_Password_For_Student" time="34.401" classname="com.qait.PaymentCenter.test.Student_Payment_With_Payment_Center_Portal"/>
  <testcase name="Step04_Login_To_Payment_Center_And_Make_Payment" time="150.54" classname="com.qait.PaymentCenter.test.Student_Payment_With_Payment_Center_Portal"/>
  <testcase name="Step05_verify_Payment_In_Payment_Center_DB" time="5.964" classname="com.qait.PaymentCenter.test.Student_Payment_With_Payment_Center_Portal"/>
  <testcase name="Step06_Verify_Payment_In_KUPortal" time="68.535" classname="com.qait.PaymentCenter.test.Student_Payment_With_Payment_Center_Portal">
    <failure type="java.lang.AssertionError" message="expected [true] but found [false]">
      <![CDATA[java.lang.AssertionError: expected [true] but found [false]
	at com.qait.KUPortal.keyword.kupAccountHistoryPageActions.verifyAccountDetails(kupAccountHistoryPageActions.java:79)
	at com.qait.PaymentCenter.test.Student_Payment_With_Payment_Center_Portal.Step06_Verify_Payment_In_KUPortal(Student_Payment_With_Payment_Center_Portal.java:149)
... Removed 28 stack frames]]>
    </failure>
  </testcase> <!-- Step06_Verify_Payment_In_KUPortal -->
  <testcase name="Step07_Verify_Email" time="2.97" classname="com.qait.PaymentCenter.test.Student_Payment_With_Payment_Center_Portal">
    <failure type="java.lang.AssertionError" message="expected [9/18/2018 5:03:54 AM Eastern Standard Time] but found [9/18/2018 5:05:34 AM Eastern Standard Time]">
      <![CDATA[java.lang.AssertionError: expected [9/18/2018 5:03:54 AM Eastern Standard Time] but found [9/18/2018 5:05:34 AM Eastern Standard Time]
	at com.qait.PaymentCenter.keyword.MakeAPaymentPageActions.verifyEmailDetails(MakeAPaymentPageActions.java:153)
	at com.qait.PaymentCenter.test.Student_Payment_With_Payment_Center_Portal.Step07_Verify_Email(Student_Payment_With_Payment_Center_Portal.java:160)
... Removed 29 stack frames]]>
    </failure>
  </testcase> <!-- Step07_Verify_Email -->
  <testcase name="Step08_Verify_Payment_Transaction_In_CVue_Database" time="2.978" classname="com.qait.PaymentCenter.test.Student_Payment_With_Payment_Center_Portal"/>
  <testcase name="Step02_Get_Student_Information_From_Database_C2000" time="2.95" classname="com.qait.PaymentCenter.test.Student_Payment_With_Payment_Center_Portal"/>
  <testcase name="Step03_Login_To_KU_Portal_Admin_Url_And_Change_Password_For_Student" time="34.104" classname="com.qait.PaymentCenter.test.Student_Payment_With_Payment_Center_Portal"/>
  <testcase name="Step04_Login_To_Payment_Center_And_Make_Payment" time="107.998" classname="com.qait.PaymentCenter.test.Student_Payment_With_Payment_Center_Portal"/>
  <testcase name="Step05_verify_Payment_In_Payment_Center_DB" time="5.933" classname="com.qait.PaymentCenter.test.Student_Payment_With_Payment_Center_Portal"/>
  <testcase name="Step06_Verify_Payment_In_KUPortal" time="50.125" classname="com.qait.PaymentCenter.test.Student_Payment_With_Payment_Center_Portal">
    <failure type="java.lang.AssertionError" message="Assertion failed: description not matched-Tuition expected [true] but found [false]">
      <![CDATA[java.lang.AssertionError: Assertion failed: description not matched-Tuition expected [true] but found [false]
	at com.qait.KUPortal.keyword.kupAccountHistoryPageActions.verifyPaymentDetailst(kupAccountHistoryPageActions.java:98)
	at com.qait.PaymentCenter.test.Student_Payment_With_Payment_Center_Portal.Step06_Verify_Payment_In_KUPortal(Student_Payment_With_Payment_Center_Portal.java:152)
... Removed 27 stack frames]]>
    </failure>
  </testcase> <!-- Step06_Verify_Payment_In_KUPortal -->
  <testcase name="Step07_Verify_Email" time="2.957" classname="com.qait.PaymentCenter.test.Student_Payment_With_Payment_Center_Portal">
    <failure type="java.lang.AssertionError" message="expected [9/18/2018 5:08:04 AM Eastern Standard Time] but found [9/18/2018 5:09:27 AM Eastern Standard Time]">
      <![CDATA[java.lang.AssertionError: expected [9/18/2018 5:08:04 AM Eastern Standard Time] but found [9/18/2018 5:09:27 AM Eastern Standard Time]
	at com.qait.PaymentCenter.keyword.MakeAPaymentPageActions.verifyEmailDetails(MakeAPaymentPageActions.java:153)
	at com.qait.PaymentCenter.test.Student_Payment_With_Payment_Center_Portal.Step07_Verify_Email(Student_Payment_With_Payment_Center_Portal.java:160)
... Removed 29 stack frames]]>
    </failure>
  </testcase> <!-- Step07_Verify_Email -->
  <testcase name="Step08_Verify_Payment_Transaction_In_CVue_Database" time="2.987" classname="com.qait.PaymentCenter.test.Student_Payment_With_Payment_Center_Portal"/>
  <testcase name="Step02_Get_Student_Information_From_Database_C2000" time="3.005" classname="com.qait.PaymentCenter.test.Student_Payment_With_Payment_Center_Portal"/>
  <testcase name="Step03_Login_To_KU_Portal_Admin_Url_And_Change_Password_For_Student" time="34.629" classname="com.qait.PaymentCenter.test.Student_Payment_With_Payment_Center_Portal"/>
  <testcase name="Step04_Login_To_Payment_Center_And_Make_Payment" time="108.078" classname="com.qait.PaymentCenter.test.Student_Payment_With_Payment_Center_Portal"/>
  <testcase name="Step05_verify_Payment_In_Payment_Center_DB" time="5.945" classname="com.qait.PaymentCenter.test.Student_Payment_With_Payment_Center_Portal"/>
  <testcase name="Step06_Verify_Payment_In_KUPortal" time="62.375" classname="com.qait.PaymentCenter.test.Student_Payment_With_Payment_Center_Portal">
    <failure type="java.lang.AssertionError" message="Assertion failed: description not matched-Tuition expected [true] but found [false]">
      <![CDATA[java.lang.AssertionError: Assertion failed: description not matched-Tuition expected [true] but found [false]
	at com.qait.KUPortal.keyword.kupAccountHistoryPageActions.verifyPaymentDetailst(kupAccountHistoryPageActions.java:98)
	at com.qait.PaymentCenter.test.Student_Payment_With_Payment_Center_Portal.Step06_Verify_Payment_In_KUPortal(Student_Payment_With_Payment_Center_Portal.java:152)
... Removed 27 stack frames]]>
    </failure>
  </testcase> <!-- Step06_Verify_Payment_In_KUPortal -->
  <testcase name="Step07_Verify_Email" time="2.943" classname="com.qait.PaymentCenter.test.Student_Payment_With_Payment_Center_Portal">
    <failure type="java.lang.AssertionError" message="expected [9/18/2018 5:11:36 AM Eastern Standard Time] but found [9/18/2018 5:12:12 AM Eastern Standard Time]">
      <![CDATA[java.lang.AssertionError: expected [9/18/2018 5:11:36 AM Eastern Standard Time] but found [9/18/2018 5:12:12 AM Eastern Standard Time]
	at com.qait.PaymentCenter.keyword.MakeAPaymentPageActions.verifyEmailDetails(MakeAPaymentPageActions.java:153)
	at com.qait.PaymentCenter.test.Student_Payment_With_Payment_Center_Portal.Step07_Verify_Email(Student_Payment_With_Payment_Center_Portal.java:160)
... Removed 29 stack frames]]>
    </failure>
  </testcase> <!-- Step07_Verify_Email -->
  <testcase name="Step08_Verify_Payment_Transaction_In_CVue_Database" time="3.007" classname="com.qait.PaymentCenter.test.Student_Payment_With_Payment_Center_Portal"/>
</testsuite> <!-- Scenario 1 Student Payment With Payment Center Portal -->
